TN:
SF:src\engine\scoring.ts
FN:13,findLines
FN:27,(anonymous_1)
FN:52,(anonymous_2)
FN:72,calculatePlayerScore
FN:89,calculateGameResult
FN:113,evaluateMove
FN:120,(anonymous_6)
FN:131,scoreGainFromMove
FN:139,(anonymous_8)
FN:148,getEmptyCells
FN:161,isBoardFull
FN:162,(anonymous_11)
FN:162,(anonymous_12)
FN:168,createEmptyBoard
FN:169,(anonymous_14)
FN:177,isWinningCell
FN:182,(anonymous_16)
FN:183,(anonymous_17)
FNF:18
FNH:18
FNDA:132652,findLines
FNDA:572099,(anonymous_1)
FNDA:785893,(anonymous_2)
FNDA:132629,calculatePlayerScore
FNDA:15,calculateGameResult
FNDA:1028,evaluateMove
FNDA:7189,(anonymous_6)
FNDA:8895,scoreGainFromMove
FNDA:62258,(anonymous_8)
FNDA:67067,getEmptyCells
FNDA:424,isBoardFull
FNDA:1660,(anonymous_11)
FNDA:10343,(anonymous_12)
FNDA:203,createEmptyBoard
FNDA:1421,(anonymous_14)
FNDA:4,isWinningCell
FNDA:3,(anonymous_16)
FNDA:7,(anonymous_17)
DA:14,132652
DA:17,132652
DA:18,928564
DA:19,928564
DA:20,928564
DA:21,7428512
DA:22,7428512
DA:23,1948829
DA:24,1948829
DA:26,5479683
DA:27,572099
DA:28,159643
DA:35,5479683
DA:36,5479683
DA:42,928564
DA:43,928564
DA:44,928564
DA:45,928564
DA:46,7428512
DA:47,7428512
DA:48,1948829
DA:49,1948829
DA:51,5479683
DA:52,785893
DA:53,180463
DA:60,5479683
DA:61,5479683
DA:66,928564
DA:73,132629
DA:74,132629
DA:75,132629
DA:77,132629
DA:78,340084
DA:79,340084
DA:82,132629
DA:90,15
DA:91,15
DA:93,15
DA:94,15
DA:95,11
DA:96,10
DA:98,15
DA:102,15
DA:119,1028
DA:120,7189
DA:121,1027
DA:122,1027
DA:123,1027
DA:124,1028
DA:137,8895
DA:138,8894
DA:139,62258
DA:140,8894
DA:141,8894
DA:142,8894
DA:149,67067
DA:150,67067
DA:151,469469
DA:152,3286283
DA:155,67067
DA:162,10343
DA:169,203
DA:170,1421
DA:182,4
DA:183,7
LF:65
LH:65
BRDA:21,0,0,6499948
BRDA:21,0,1,928564
BRDA:22,1,0,1948829
BRDA:22,1,1,5479683
BRDA:23,2,0,1333632
BRDA:23,2,1,615197
BRDA:26,3,0,159643
BRDA:26,3,1,5320040
BRDA:31,4,0,159643
BRDA:31,4,1,0
BRDA:46,5,0,6499948
BRDA:46,5,1,928564
BRDA:47,6,0,1948829
BRDA:47,6,1,5479683
BRDA:48,7,0,1173275
BRDA:48,7,1,775554
BRDA:51,8,0,180463
BRDA:51,8,1,5299220
BRDA:56,9,0,180463
BRDA:56,9,1,0
BRDA:79,10,0,340084
BRDA:79,10,1,185093
BRDA:94,11,0,4
BRDA:94,11,1,11
BRDA:95,12,0,1
BRDA:95,12,1,10
BRDA:98,13,0,5
BRDA:98,13,1,10
BRDA:99,14,0,4
BRDA:99,14,1,1
BRDA:119,15,0,1
BRDA:119,15,1,1027
BRDA:123,16,0,978
BRDA:123,16,1,49
BRDA:137,17,0,1
BRDA:137,17,1,8894
BRDA:152,18,0,2050174
BRDA:152,18,1,1236109
BRDA:183,19,0,7
BRDA:183,19,1,4
BRF:40
BRH:38
end_of_record
TN:
SF:src\engine\strategies.ts
FN:21,makeMove
FN:32,makeMove_2
FN:53,makeMove_3
FN:78,makeMove_4
FN:86,(anonymous_4)
FN:89,(anonymous_5)
FN:105,makeMove_5
FN:122,minimax
FN:142,(anonymous_8)
FN:153,(anonymous_9)
FN:168,makeMove_6
FN:175,(anonymous_11)
FN:176,(anonymous_12)
FN:180,(anonymous_13)
FN:193,simulateGame
FN:198,(anonymous_15)
FN:222,makeMove_7
FN:230,(anonymous_17)
FN:231,(anonymous_18)
FN:235,(anonymous_19)
FN:264,getStrategy
FNF:21
FNH:20
FNDA:137,makeMove
FNDA:136,makeMove_2
FNDA:35,makeMove_3
FNDA:10,makeMove_4
FNDA:2800,(anonymous_4)
FNDA:0,(anonymous_5)
FNDA:35,makeMove_5
FNDA:42477,minimax
FNDA:226009,(anonymous_8)
FNDA:65618,(anonymous_9)
FNDA:60,makeMove_6
FNDA:1668,(anonymous_11)
FNDA:2224,(anonymous_12)
FNDA:5712,(anonymous_13)
FNDA:23880,simulateGame
FNDA:167160,(anonymous_15)
FNDA:37,makeMove_7
FNDA:1147,(anonymous_17)
FNDA:1720,(anonymous_18)
FNDA:2786,(anonymous_19)
FNDA:8,getStrategy
DA:17,2
DA:22,137
DA:23,137
DA:28,2
DA:33,136
DA:34,136
DA:35,136
DA:37,136
DA:38,3590
DA:39,3590
DA:40,148
DA:41,148
DA:44,136
DA:49,2
DA:54,35
DA:55,35
DA:56,35
DA:57,35
DA:59,35
DA:61,1043
DA:62,1043
DA:63,1043
DA:64,1043
DA:65,35
DA:66,35
DA:69,35
DA:74,2
DA:79,10
DA:80,10
DA:81,10
DA:83,10
DA:84,400
DA:86,2800
DA:87,400
DA:88,400
DA:89,400
DA:90,400
DA:91,400
DA:92,10
DA:93,10
DA:96,10
DA:101,2
DA:106,35
DA:107,35
DA:108,35
DA:110,35
DA:111,1025
DA:112,1025
DA:113,35
DA:114,35
DA:117,35
DA:130,42477
DA:131,42477
DA:133,42477
DA:134,32291
DA:135,32291
DA:136,32291
DA:139,10186
DA:140,9372
DA:141,9372
DA:142,226009
DA:143,32287
DA:144,32287
DA:145,32287
DA:146,32287
DA:147,32287
DA:149,9372
DA:151,814
DA:152,814
DA:153,65618
DA:154,9374
DA:155,9374
DA:156,9374
DA:157,9374
DA:158,9374
DA:160,814
DA:164,2
DA:169,60
DA:170,60
DA:171,60
DA:174,60
DA:175,1668
DA:176,2224
DA:179,60
DA:180,5712
DA:181,816
DA:182,816
DA:183,816
DA:184,74
DA:185,74
DA:188,60
DA:198,167160
DA:199,23880
DA:201,23880
DA:203,23880
DA:204,766980
DA:205,766980
DA:208,23880
DA:209,790800
DA:210,790800
DA:213,23880
DA:214,23880
DA:215,23880
DA:218,2
DA:223,37
DA:224,37
DA:225,37
DA:226,37
DA:229,37
DA:230,1147
DA:231,1720
DA:234,37
DA:235,2786
DA:236,398
DA:238,398
DA:239,398
DA:240,398
DA:241,23880
DA:243,398
DA:244,398
DA:245,107
DA:246,107
DA:249,37
DA:254,2
DA:265,8
LF:125
LH:125
BRDA:39,0,0,148
BRDA:39,0,1,3442
BRDA:54,1,0,10
BRDA:54,1,1,25
BRDA:64,2,0,35
BRDA:64,2,1,1008
BRDA:91,3,0,10
BRDA:91,3,1,390
BRDA:112,4,0,35
BRDA:112,4,1,990
BRDA:130,5,0,25835
BRDA:130,5,1,16642
BRDA:133,6,0,32291
BRDA:133,6,1,10186
BRDA:133,7,0,42477
BRDA:133,7,1,10190
BRDA:139,8,0,9372
BRDA:139,8,1,814
BRDA:147,9,0,8278
BRDA:147,9,1,24009
BRDA:158,10,0,0
BRDA:158,10,1,9374
BRDA:183,11,0,74
BRDA:183,11,1,742
BRDA:210,12,0,403140
BRDA:210,12,1,387660
BRDA:214,13,0,7680
BRDA:214,13,1,16200
BRDA:239,14,0,128
BRDA:239,14,1,270
BRDA:244,15,0,107
BRDA:244,15,1,291
BRDA:265,16,0,8
BRDA:265,16,1,1
BRF:34
BRH:33
end_of_record
TN:
SF:src\store\gameStore.ts
FN:58,(anonymous_0)
FN:61,(anonymous_1)
FN:63,(anonymous_2)
FN:76,(anonymous_3)
FN:78,(anonymous_4)
FN:108,(anonymous_5)
FN:109,(anonymous_6)
FN:114,(anonymous_7)
FN:115,(anonymous_8)
FN:129,(anonymous_9)
FN:130,(anonymous_10)
FN:133,(anonymous_11)
FN:134,(anonymous_12)
FN:137,(anonymous_13)
FN:138,(anonymous_14)
FNF:15
FNH:15
FNDA:2,(anonymous_0)
FNDA:53,(anonymous_1)
FNDA:53,(anonymous_2)
FNDA:426,(anonymous_3)
FNDA:426,(anonymous_4)
FNDA:3,(anonymous_5)
FNDA:3,(anonymous_6)
FNDA:6,(anonymous_7)
FNDA:6,(anonymous_8)
FNDA:5,(anonymous_9)
FNDA:5,(anonymous_10)
FNDA:63,(anonymous_11)
FNDA:63,(anonymous_12)
FNDA:10,(anonymous_13)
FNDA:10,(anonymous_14)
DA:36,2
DA:45,2
DA:57,2
DA:58,2
DA:62,53
DA:63,53
DA:64,53
DA:65,53
DA:66,53
DA:67,53
DA:68,53
DA:69,53
DA:70,53
DA:71,53
DA:72,53
DA:77,426
DA:78,426
DA:80,426
DA:82,422
DA:84,421
DA:85,421
DA:87,421
DA:94,421
DA:95,421
DA:96,421
DA:98,421
DA:99,8
DA:100,8
DA:102,413
DA:105,426
DA:109,3
DA:110,3
DA:115,6
DA:116,6
DA:117,5
DA:118,5
DA:119,6
DA:120,6
DA:121,6
DA:130,5
DA:134,63
DA:138,10
DA:139,10
DA:140,9
DA:141,9
DA:142,9
DA:143,9
DA:144,9
DA:147,10
DA:148,10
LF:50
LH:50
BRDA:76,0,0,426
BRDA:80,1,0,4
BRDA:80,1,1,422
BRDA:80,2,0,426
BRDA:80,2,1,423
BRDA:82,3,0,1
BRDA:82,3,1,421
BRDA:82,4,0,422
BRDA:82,4,1,29
BRDA:98,5,0,8
BRDA:98,5,1,413
BRDA:102,6,0,214
BRDA:102,6,1,199
BRDA:116,7,0,1
BRDA:116,7,1,5
BRDA:118,8,0,4
BRDA:118,8,1,1
BRDA:139,9,0,1
BRDA:139,9,1,9
BRDA:144,10,0,5
BRDA:144,10,1,4
BRF:21
BRH:21
end_of_record
TN:
SF:src\types\game.ts
FNF:0
FNH:0
DA:98,4
DA:106,4
DA:108,4
DA:119,4
LF:4
LH:4
BRF:0
BRH:0
end_of_record
